#
# There is insufficient memory for the Java Runtime Environment to continue.
# Native memory allocation (malloc) failed to allocate 1048576 bytes for AllocateHeap
# Possible reasons:
#   The system is out of physical RAM or swap space
#   The process is running with CompressedOops enabled, and the Java Heap may be blocking the growth of the native heap
# Possible solutions:
#   Reduce memory load on the system
#   Increase physical memory or swap space
#   Check if swap backing store is full
#   Decrease Java heap size (-Xmx/-Xms)
#   Decrease number of Java threads
#   Decrease Java thread stack sizes (-Xss)
#   Set larger code cache with -XX:ReservedCodeCacheSize=
#   JVM is running with Unscaled Compressed Oops mode in which the Java heap is
#     placed in the first 4GB address space. The Java Heap base address is the
#     maximum limit for the native heap growth. Please use -XX:HeapBaseMinAddress
#     to set the Java Heap base and to place the Java Heap above 4GB virtual address.
# This output file may be truncated or incomplete.
#
#  Out of Memory Error (allocation.cpp:44), pid=19804, tid=17012
#
# JRE version:  (17.0.7+7) (build )
# Java VM: OpenJDK 64-Bit Server VM (17.0.7+7, mixed mode, tiered, compressed oops, compressed class ptrs, parallel gc, windows-amd64)
# No core dump will be written. Minidumps are not enabled by default on client versions of Windows
#

---------------  S U M M A R Y ------------

Command Line: --add-modules=ALL-SYSTEM --add-opens=java.base/java.util=ALL-UNNAMED --add-opens=java.base/java.lang=ALL-UNNAMED --add-opens=java.base/sun.nio.fs=ALL-UNNAMED -Declipse.application=org.eclipse.jdt.ls.core.id1 -Dosgi.bundles.defaultStartLevel=4 -Declipse.product=org.eclipse.jdt.ls.core.product -Djava.import.generatesMetadataFilesAtProjectRoot=false -Dfile.encoding=utf8 -XX:+UseParallelGC -XX:GCTimeRatio=4 -XX:AdaptiveSizePolicyWeight=90 -Dsun.zip.disableMemoryMapping=true -Xmx1G -Xms100m -Xlog:disable -javaagent:c:\Users\parth\.vscode\extensions\redhat.java-1.19.0-win32-x64\lombok\lombok-1.18.28.jar -XX:+HeapDumpOnOutOfMemoryError -XX:HeapDumpPath=c:\Users\parth\AppData\Roaming\Code\User\workspaceStorage\dd1655780c2a49b839ee8e45596202e1\redhat.java -Daether.dependencyCollector.impl=bf c:\Users\parth\.vscode\extensions\redhat.java-1.19.0-win32-x64\server\plugins\org.eclipse.equinox.launcher_1.6.400.v20210924-0641.jar -configuration c:\Users\parth\AppData\Roaming\Code\User\globalStorage\redhat.java\1.19.0\config_win -data c:\Users\parth\AppData\Roaming\Code\User\workspaceStorage\dd1655780c2a49b839ee8e45596202e1\redhat.java\jdt_ws

Host: AMD Ryzen 5 3550H with Radeon Vega Mobile Gfx  , 8 cores, 5G,  Windows 11 , 64 bit Build 22621 (10.0.22621.1635)
Time: Fri Jun  9 22:21:58 2023 India Standard Time elapsed time: 0.123569 seconds (0d 0h 0m 0s)

---------------  T H R E A D  ---------------

Current thread (0x000001d17570da80):  JavaThread "Unknown thread" [_thread_in_vm, id=17012, stack(0x0000006a81e00000,0x0000006a81f00000)]

Stack: [0x0000006a81e00000,0x0000006a81f00000]
Native frames: (J=compiled Java code, j=interpreted, Vv=VM code, C=native code)
V  [jvm.dll+0x67754a]
V  [jvm.dll+0x834304]
V  [jvm.dll+0x835aae]
V  [jvm.dll+0x836113]
V  [jvm.dll+0x24696f]
V  [jvm.dll+0xa681f]
V  [jvm.dll+0x6a9d7a]
V  [jvm.dll+0x6aaa3f]
V  [jvm.dll+0x683c73]
V  [jvm.dll+0x806deb]
V  [jvm.dll+0x36ad14]
V  [jvm.dll+0x7e5cec]
V  [jvm.dll+0x3ed56f]
V  [jvm.dll+0x3ef0a1]
C  [jli.dll+0x528b]
C  [ucrtbase.dll+0x29363]
C  [KERNEL32.DLL+0x126ad]
C  [ntdll.dll+0x5a9f8]


---------------  P R O C E S S  ---------------

Threads class SMR info:
_java_thread_list=0x00007ffe243d7018, length=0, elements={
}

Java Threads: ( => current thread )

Other Threads:
  0x000001d175721790 GCTaskThread "GC Thread#0" [stack: 0x0000006a81f00000,0x0000006a82000000] [id=4136]

=>0x000001d17570da80 (exited) JavaThread "Unknown thread" [_thread_in_vm, id=17012, stack(0x0000006a81e00000,0x0000006a81f00000)]

Threads with active compile tasks:

VM state: not at safepoint (normal execution)

VM Mutex/Monitor currently owned by a thread: None

Heap address: 0x00000000c0000000, size: 1024 MB, Compressed Oops mode: 32-bit

CDS archive(s) not mapped
Compressed class space mapped at: 0x0000000100000000-0x0000000140000000, reserved size: 1073741824
Narrow klass base: 0x0000000000000000, Narrow klass shift: 3, Narrow klass range: 0x140000000

GC Precious Log:
 CPUs: 8 total, 8 available
 Memory: 6082M
 Large Page Support: Disabled
 NUMA Support: Disabled
 Compressed Oops: Enabled (32-bit)
 Alignments: Space 512K, Generation 512K, Heap 2M
 Heap Min Capacity: 100M
 Heap Initial Capacity: 100M
 Heap Max Capacity: 1G
 Pre-touch: Disabled
 Parallel Workers: 8

Heap:
 PSYoungGen      total 29696K, used 512K [0x00000000eab00000, 0x00000000ecc00000, 0x0000000100000000)
  eden space 25600K, 2% used [0x00000000eab00000,0x00000000eab80070,0x00000000ec400000)
  from space 4096K, 0% used [0x00000000ec800000,0x00000000ec800000,0x00000000ecc00000)
  to   space 4096K, 0% used [0x00000000ec400000,0x00000000ec400000,0x00000000ec800000)
 ParOldGen       total 68608K, used 0K [0x00000000c0000000, 0x00000000c4300000, 0x00000000eab00000)
  object space 68608K, 0% used [0x00000000c0000000,0x00000000c0000000,0x00000000c4300000)
 Metaspace       used 1149K, committed 1216K, reserved 1114112K
  class space    used 101K, committed 128K, reserved 1048576K

Card table byte_map: [0x000001d1750a0000,0x000001d1752b0000] _byte_map_base: 0x000001d174aa0000

Marking Bits: (ParMarkBitMap*) 0x00007ffe244452c0
 Begin Bits: [0x000001d178380000, 0x000001d179380000)
 End Bits:   [0x000001d179380000, 0x000001d17a380000)

Polling page: 0x000001d1736e0000

Metaspace:

Usage:
  Non-class:      1.02 MB used.
      Class:    101.01 KB used.
       Both:      1.12 MB used.

Virtual space:
  Non-class space:       64.00 MB reserved,       1.06 MB (  2%) committed,  1 nodes.
      Class space:        1.00 GB reserved,     128.00 KB ( <1%) committed,  1 nodes.
             Both:        1.06 GB reserved,       1.19 MB ( <1%) committed. 

Chunk freelists:
   Non-Class:  12.00 MB
       Class:  15.75 MB
        Both:  27.75 MB

MaxMetaspaceSize: unlimited
CompressedClassSpaceSize: 1.00 GB
Initial GC threshold: 21.00 MB
Current GC threshold: 17179869184.00 GB
CDS: off
MetaspaceReclaimPolicy: balanced
 - commit_granule_bytes: 65536.
 - commit_granule_words: 8192.
 - virtual_space_node_default_size: 8388608.
 - enlarge_chunks_in_place: 1.
 - new_chunks_are_fully_committed: 0.
 - uncommit_free_chunks: 1.
 - use_allocation_guard: 0.
 - handle_deallocations: 1.


Internal statistics:

num_allocs_failed_limit: 0.
num_arena_births: 2.
num_arena_deaths: 0.
num_vsnodes_births: 2.
num_vsnodes_deaths: 0.
num_space_committed: 19.
num_space_uncommitted: 0.
num_chunks_returned_to_freelist: 0.
num_chunks_taken_from_freelist: 3.
num_chunk_merges: 0.
num_chunk_splits: 2.
num_chunks_enlarged: 0.
num_inconsistent_stats: 0.

CodeHeap 'non-profiled nmethods': size=120000Kb used=0Kb max_used=0Kb free=120000Kb
 bounds [0x000001d107ad0000, 0x000001d107d40000, 0x000001d10f000000]
CodeHeap 'profiled nmethods': size=120000Kb used=0Kb max_used=0Kb free=120000Kb
 bounds [0x000001d100000000, 0x000001d100270000, 0x000001d107530000]
CodeHeap 'non-nmethods': size=5760Kb used=202Kb max_used=353Kb free=5557Kb
 bounds [0x000001d107530000, 0x000001d1077a0000, 0x000001d107ad0000]
 total_blobs=66 nmethods=0 adapters=47
 compilation: enabled
              stopped_count=0, restarted_count=0
 full_count=0

Compilation events (0 events):
No events

GC Heap History (0 events):
No events

Dll operation events (1 events):
Event: 0.037 Loaded shared library c:\Users\parth\.vscode\extensions\redhat.java-1.19.0-win32-x64\jre\17.0.7-win32-x86_64\bin\java.dll

Deoptimization events (0 events):
No events

Classes unloaded (0 events):
No events

Classes redefined (0 events):
No events

Internal exceptions (0 events):
No events

VM Operations (0 events):
No events

Events (20 events):
Event: 0.106 loading class java/lang/Long
Event: 0.106 loading class java/lang/Long done
Event: 0.106 loading class java/util/Iterator
Event: 0.106 loading class java/util/Iterator done
Event: 0.106 loading class java/lang/reflect/RecordComponent
Event: 0.106 loading class java/lang/reflect/RecordComponent done
Event: 0.106 loading class jdk/internal/vm/vector/VectorSupport
Event: 0.107 loading class jdk/internal/vm/vector/VectorSupport done
Event: 0.107 loading class jdk/internal/vm/vector/VectorSupport$VectorPayload
Event: 0.107 loading class jdk/internal/vm/vector/VectorSupport$VectorPayload done
Event: 0.107 loading class jdk/internal/vm/vector/VectorSupport$Vector
Event: 0.107 loading class jdk/internal/vm/vector/VectorSupport$Vector done
Event: 0.107 loading class jdk/internal/vm/vector/VectorSupport$VectorMask
Event: 0.107 loading class jdk/internal/vm/vector/VectorSupport$VectorMask done
Event: 0.107 loading class jdk/internal/vm/vector/VectorSupport$VectorShuffle
Event: 0.107 loading class jdk/internal/vm/vector/VectorSupport$VectorShuffle done
Event: 0.114 loading class java/lang/NullPointerException
Event: 0.115 loading class java/lang/NullPointerException done
Event: 0.115 loading class java/lang/ArithmeticException
Event: 0.116 loading class java/lang/ArithmeticException done


Dynamic libraries:
0x00007ff6638f0000 - 0x00007ff6638fe000 	c:\Users\parth\.vscode\extensions\redhat.java-1.19.0-win32-x64\jre\17.0.7-win32-x86_64\bin\java.exe
0x00007ffe78450000 - 0x00007ffe78664000 	C:\WINDOWS\SYSTEM32\ntdll.dll
0x00007ffe775f0000 - 0x00007ffe776b2000 	C:\WINDOWS\System32\KERNEL32.DLL
0x00007ffe75d80000 - 0x00007ffe76123000 	C:\WINDOWS\System32\KERNELBASE.dll
0x00007ffe70400000 - 0x00007ffe70497000 	C:\WINDOWS\SYSTEM32\apphelp.dll
0x00007ffe758e0000 - 0x00007ffe759f1000 	C:\WINDOWS\System32\ucrtbase.dll
0x00007ffe6db10000 - 0x00007ffe6db27000 	c:\Users\parth\.vscode\extensions\redhat.java-1.19.0-win32-x64\jre\17.0.7-win32-x86_64\bin\jli.dll
0x00007ffe6daf0000 - 0x00007ffe6db09000 	c:\Users\parth\.vscode\extensions\redhat.java-1.19.0-win32-x64\jre\17.0.7-win32-x86_64\bin\VCRUNTIME140.dll
0x00007ffe77890000 - 0x00007ffe77a3b000 	C:\WINDOWS\System32\USER32.dll
0x00007ffe75a00000 - 0x00007ffe75a26000 	C:\WINDOWS\System32\win32u.dll
0x00007ffe6ced0000 - 0x00007ffe6d15e000 	C:\WINDOWS\WinSxS\amd64_microsoft.windows.common-controls_6595b64144ccf1df_6.0.22621.1635_none_270f70857386168e\COMCTL32.dll
0x00007ffe766e0000 - 0x00007ffe76709000 	C:\WINDOWS\System32\GDI32.dll
0x00007ffe77090000 - 0x00007ffe77137000 	C:\WINDOWS\System32\msvcrt.dll
0x00007ffe75a30000 - 0x00007ffe75b48000 	C:\WINDOWS\System32\gdi32full.dll
0x00007ffe76130000 - 0x00007ffe761ca000 	C:\WINDOWS\System32\msvcp_win.dll
0x00007ffe77570000 - 0x00007ffe775a1000 	C:\WINDOWS\System32\IMM32.DLL
0x00007ffe71340000 - 0x00007ffe7134c000 	c:\Users\parth\.vscode\extensions\redhat.java-1.19.0-win32-x64\jre\17.0.7-win32-x86_64\bin\vcruntime140_1.dll
0x00007ffe5c600000 - 0x00007ffe5c691000 	c:\Users\parth\.vscode\extensions\redhat.java-1.19.0-win32-x64\jre\17.0.7-win32-x86_64\bin\msvcp140.dll
0x00007ffe238c0000 - 0x00007ffe24508000 	c:\Users\parth\.vscode\extensions\redhat.java-1.19.0-win32-x64\jre\17.0.7-win32-x86_64\bin\server\jvm.dll
0x00007ffe774c0000 - 0x00007ffe7756e000 	C:\WINDOWS\System32\ADVAPI32.dll
0x00007ffe776c0000 - 0x00007ffe77764000 	C:\WINDOWS\System32\sechost.dll
0x00007ffe78280000 - 0x00007ffe78397000 	C:\WINDOWS\System32\RPCRT4.dll
0x00007ffe70d50000 - 0x00007ffe70d59000 	C:\WINDOWS\SYSTEM32\WSOCK32.dll
0x00007ffe77cb0000 - 0x00007ffe77d21000 	C:\WINDOWS\System32\WS2_32.dll
0x00007ffe70c40000 - 0x00007ffe70c74000 	C:\WINDOWS\SYSTEM32\WINMM.dll
0x00007ffe6d6b0000 - 0x00007ffe6d6ba000 	C:\WINDOWS\SYSTEM32\VERSION.dll
0x00007ffe748c0000 - 0x00007ffe748d8000 	C:\WINDOWS\SYSTEM32\kernel.appcore.dll
0x00007ffe70d30000 - 0x00007ffe70d3a000 	c:\Users\parth\.vscode\extensions\redhat.java-1.19.0-win32-x64\jre\17.0.7-win32-x86_64\bin\jimage.dll
0x00007ffe6f810000 - 0x00007ffe6fa3e000 	C:\WINDOWS\SYSTEM32\DBGHELP.DLL
0x00007ffe77d30000 - 0x00007ffe780b9000 	C:\WINDOWS\System32\combase.dll
0x00007ffe773e0000 - 0x00007ffe774b7000 	C:\WINDOWS\System32\OLEAUT32.dll
0x00007ffe6d7d0000 - 0x00007ffe6d802000 	C:\WINDOWS\SYSTEM32\dbgcore.DLL
0x00007ffe761d0000 - 0x00007ffe7624b000 	C:\WINDOWS\System32\bcryptPrimitives.dll
0x00007ffe6dad0000 - 0x00007ffe6dade000 	c:\Users\parth\.vscode\extensions\redhat.java-1.19.0-win32-x64\jre\17.0.7-win32-x86_64\bin\instrument.dll
0x00007ffe5de50000 - 0x00007ffe5de75000 	c:\Users\parth\.vscode\extensions\redhat.java-1.19.0-win32-x64\jre\17.0.7-win32-x86_64\bin\java.dll
0x00007ffe6c6c0000 - 0x00007ffe6c6d8000 	c:\Users\parth\.vscode\extensions\redhat.java-1.19.0-win32-x64\jre\17.0.7-win32-x86_64\bin\zip.dll

dbghelp: loaded successfully - version: 4.0.5 - missing functions: none
symbol engine: initialized successfully - sym options: 0x614 - pdb path: .;c:\Users\parth\.vscode\extensions\redhat.java-1.19.0-win32-x64\jre\17.0.7-win32-x86_64\bin;C:\WINDOWS\SYSTEM32;C:\WINDOWS\WinSxS\amd64_microsoft.windows.common-controls_6595b64144ccf1df_6.0.22621.1635_none_270f70857386168e;c:\Users\parth\.vscode\extensions\redhat.java-1.19.0-win32-x64\jre\17.0.7-win32-x86_64\bin\server

VM Arguments:
jvm_args: --add-modules=ALL-SYSTEM --add-opens=java.base/java.util=ALL-UNNAMED --add-opens=java.base/java.lang=ALL-UNNAMED --add-opens=java.base/sun.nio.fs=ALL-UNNAMED -Declipse.application=org.eclipse.jdt.ls.core.id1 -Dosgi.bundles.defaultStartLevel=4 -Declipse.product=org.eclipse.jdt.ls.core.product -Djava.import.generatesMetadataFilesAtProjectRoot=false -Dfile.encoding=utf8 -XX:+UseParallelGC -XX:GCTimeRatio=4 -XX:AdaptiveSizePolicyWeight=90 -Dsun.zip.disableMemoryMapping=true -Xmx1G -Xms100m -Xlog:disable -javaagent:c:\Users\parth\.vscode\extensions\redhat.java-1.19.0-win32-x64\lombok\lombok-1.18.28.jar -XX:+HeapDumpOnOutOfMemoryError -XX:HeapDumpPath=c:\Users\parth\AppData\Roaming\Code\User\workspaceStorage\dd1655780c2a49b839ee8e45596202e1\redhat.java -Daether.dependencyCollector.impl=bf 
java_command: c:\Users\parth\.vscode\extensions\redhat.java-1.19.0-win32-x64\server\plugins\org.eclipse.equinox.launcher_1.6.400.v20210924-0641.jar -configuration c:\Users\parth\AppData\Roaming\Code\User\globalStorage\redhat.java\1.19.0\config_win -data c:\Users\parth\AppData\Roaming\Code\User\workspaceStorage\dd1655780c2a49b839ee8e45596202e1\redhat.java\jdt_ws
java_class_path (initial): c:\Users\parth\.vscode\extensions\redhat.java-1.19.0-win32-x64\server\plugins\org.eclipse.equinox.launcher_1.6.400.v20210924-0641.jar
Launcher Type: SUN_STANDARD

[Global flags]
    uintx AdaptiveSizePolicyWeight                 = 90                                        {product} {command line}
     intx CICompilerCount                          = 4                                         {product} {ergonomic}
    uintx GCTimeRatio                              = 4                                         {product} {command line}
     bool HeapDumpOnOutOfMemoryError               = true                                   {manageable} {command line}
    ccstr HeapDumpPath                             = c:\Users\parth\AppData\Roaming\Code\User\workspaceStorage\dd1655780c2a49b839ee8e45596202e1\redhat.java         {manageable} {command line}
   size_t InitialHeapSize                          = 104857600                                 {product} {command line}
   size_t MaxHeapSize                              = 1073741824                                {product} {command line}
   size_t MaxNewSize                               = 357564416                                 {product} {ergonomic}
   size_t MinHeapDeltaBytes                        = 524288                                    {product} {ergonomic}
   size_t MinHeapSize                              = 104857600                                 {product} {command line}
   size_t NewSize                                  = 34603008                                  {product} {ergonomic}
    uintx NonNMethodCodeHeapSize                   = 5839372                                {pd product} {ergonomic}
    uintx NonProfiledCodeHeapSize                  = 122909434                              {pd product} {ergonomic}
   size_t OldSize                                  = 70254592                                  {product} {ergonomic}
    uintx ProfiledCodeHeapSize                     = 122909434                              {pd product} {ergonomic}
    uintx ReservedCodeCacheSize                    = 251658240                              {pd product} {ergonomic}
     bool SegmentedCodeCache                       = true                                      {product} {ergonomic}
   size_t SoftMaxHeapSize                          = 1073741824                             {manageable} {ergonomic}
     bool UseCompressedClassPointers               = true                           {product lp64_product} {ergonomic}
     bool UseCompressedOops                        = true                           {product lp64_product} {ergonomic}
     bool UseLargePagesIndividualAllocation        = false                                  {pd product} {ergonomic}
     bool UseParallelGC                            = true                                      {product} {command line}

Logging:
Log output configuration:
 #0: stdout all=off uptime,level,tags
 #1: stderr all=off uptime,level,tags

Environment Variables:
JAVA_HOME=C:\Program Files\Java\jdk-20
PATH=C:\Program Files (x86)\Common Files\Oracle\Java\javapath;C:\Program Files\Java\Maven\bin;C:\Oracle_Database_19c\WINDOWS.X64_193000_db_home\bin;C:\Oracle_Database\WINDOWS.X64_213000_db_home\bin;C:\Users\parth\Dropbox\PC\Downloads\WINDOWS.X64_213000_db_home\bin;C:\WINDOWS\system32;C:\WINDOWS;C:\WINDOWS\System32\Wbem;C:\WINDOWS\System32\WindowsPowerShell\v1.0\;C:\WINDOWS\System32\OpenSSH\;C:\Program Files\nodejs\;C:\Program Files\dotnet\;C:\Program Files\Apache\Maven\bin;C:\Program Files\Java\jdk-20\bin;%M2_HOME%\bin;C:\Program Files\MySQL\MySQL Shell 8.0\bin\;C:\Users\parth\AppData\Local\Microsoft\WindowsApps;C:\Microsoft VS Code\bin;C:\Users\parth\AppData\Roaming\npm;C:\Users\parth\.dotnet\tools;C:\Program Files\Java\Maven\bin;C:\Program Files\Java\jdk-20\bin;
USERNAME=Yatharth
OS=Windows_NT
PROCESSOR_IDENTIFIER=AMD64 Family 23 Model 24 Stepping 1, AuthenticAMD
TMP=C:\Users\parth\AppData\Local\Temp
TEMP=C:\Users\parth\AppData\Local\Temp



---------------  S Y S T E M  ---------------

OS:
 Windows 11 , 64 bit Build 22621 (10.0.22621.1635)
OS uptime: 23 days 5:28 hours

CPU: total 8 (initial active 8) (8 cores per cpu, 2 threads per core) family 23 model 24 stepping 1 microcode 0x0, cx8, cmov, fxsr, ht, mmx, 3dnowpref, sse, sse2, sse3, ssse3, sse4a, sse4.1, sse4.2, popcnt, lzcnt, tsc, tscinvbit, avx, avx2, aes, clmul, bmi1, bmi2, adx, sha, fma, vzeroupper, clflush, clflushopt

Memory: 4k page, system-wide physical 6082M (312M free)
TotalPageFile size 24514M (AvailPageFile size 3M)
current process WorkingSet (physical memory assigned to process): 17M, peak: 17M
current process commit charge ("private bytes"): 148M, peak: 149M

vm_info: OpenJDK 64-Bit Server VM (17.0.7+7) for windows-amd64 JRE (17.0.7+7), built on Apr 18 2023 22:10:42 by "temurin" with MS VC++ 16.7 (VS2019)

END.
