#
# There is insufficient memory for the Java Runtime Environment to continue.
# Native memory allocation (malloc) failed to allocate 459536 bytes for Chunk::new
# Possible reasons:
#   The system is out of physical RAM or swap space
#   The process is running with CompressedOops enabled, and the Java Heap may be blocking the growth of the native heap
# Possible solutions:
#   Reduce memory load on the system
#   Increase physical memory or swap space
#   Check if swap backing store is full
#   Decrease Java heap size (-Xmx/-Xms)
#   Decrease number of Java threads
#   Decrease Java thread stack sizes (-Xss)
#   Set larger code cache with -XX:ReservedCodeCacheSize=
#   JVM is running with Unscaled Compressed Oops mode in which the Java heap is
#     placed in the first 4GB address space. The Java Heap base address is the
#     maximum limit for the native heap growth. Please use -XX:HeapBaseMinAddress
#     to set the Java Heap base and to place the Java Heap above 4GB virtual address.
# This output file may be truncated or incomplete.
#
#  Out of Memory Error (arena.cpp:189), pid=29420, tid=21140
#
# JRE version: OpenJDK Runtime Environment Temurin-17.0.7+7 (17.0.7+7) (build 17.0.7+7)
# Java VM: OpenJDK 64-Bit Server VM Temurin-17.0.7+7 (17.0.7+7, mixed mode, tiered, compressed oops, compressed class ptrs, parallel gc, windows-amd64)
# No core dump will be written. Minidumps are not enabled by default on client versions of Windows
#

---------------  S U M M A R Y ------------

Command Line: --add-modules=ALL-SYSTEM --add-opens=java.base/java.util=ALL-UNNAMED --add-opens=java.base/java.lang=ALL-UNNAMED --add-opens=java.base/sun.nio.fs=ALL-UNNAMED -Declipse.application=org.eclipse.jdt.ls.core.id1 -Dosgi.bundles.defaultStartLevel=4 -Declipse.product=org.eclipse.jdt.ls.core.product -Djava.import.generatesMetadataFilesAtProjectRoot=false -Dfile.encoding=utf8 -XX:+UseParallelGC -XX:GCTimeRatio=4 -XX:AdaptiveSizePolicyWeight=90 -Dsun.zip.disableMemoryMapping=true -Xmx1G -Xms100m -Xlog:disable -javaagent:c:\Users\parth\.vscode\extensions\redhat.java-1.19.0-win32-x64\lombok\lombok-1.18.28.jar c:\Users\parth\.vscode\extensions\redhat.java-1.19.0-win32-x64\server\plugins\org.eclipse.equinox.launcher_1.6.400.v20210924-0641.jar -configuration c:\Users\parth\AppData\Roaming\Code\User\globalStorage\redhat.java\1.19.0\config_ss_win -data c:\Users\parth\AppData\Roaming\Code\User\workspaceStorage\dd1655780c2a49b839ee8e45596202e1\redhat.java\ss_ws

Host: AMD Ryzen 5 3550H with Radeon Vega Mobile Gfx  , 8 cores, 5G,  Windows 11 , 64 bit Build 22621 (10.0.22621.1635)
Time: Fri Jun  9 22:22:24 2023 India Standard Time elapsed time: 1.480276 seconds (0d 0h 0m 1s)

---------------  T H R E A D  ---------------

Current thread (0x000001b4eb3aa490):  JavaThread "C2 CompilerThread0" daemon [_thread_in_native, id=21140, stack(0x0000005a76700000,0x0000005a76800000)]


Current CompileTask:
C2:   1480  649   !   4       java.util.jar.Attributes::read (498 bytes)

Stack: [0x0000005a76700000,0x0000005a76800000]
Native frames: (J=compiled Java code, j=interpreted, Vv=VM code, C=native code)
V  [jvm.dll+0x67754a]
V  [jvm.dll+0x834304]
V  [jvm.dll+0x835aae]
V  [jvm.dll+0x836113]
V  [jvm.dll+0x24696f]
V  [jvm.dll+0xac0ac]
V  [jvm.dll+0xac67c]
V  [jvm.dll+0x364de2]
V  [jvm.dll+0x32f6b1]
V  [jvm.dll+0x32eb5a]
V  [jvm.dll+0x219641]
V  [jvm.dll+0x218a61]
V  [jvm.dll+0x1a4d8d]
V  [jvm.dll+0x2284da]
V  [jvm.dll+0x226615]
V  [jvm.dll+0x7ea90b]
V  [jvm.dll+0x7e4e7a]
V  [jvm.dll+0x676395]
C  [ucrtbase.dll+0x29363]
C  [KERNEL32.DLL+0x126ad]
C  [ntdll.dll+0x5a9f8]


---------------  P R O C E S S  ---------------

Threads class SMR info:
_java_thread_list=0x000001b4ec937a20, length=13, elements={
0x000001b4d048b940, 0x000001b4e6240030, 0x000001b4e62427c0, 0x000001b4e624c240,
0x000001b4e624cd00, 0x000001b4e624e260, 0x000001b4eb39bfe0, 0x000001b4eb3aa490,
0x000001b4d0537f90, 0x000001b4d0539860, 0x000001b4eb4535c0, 0x000001b4eb5522f0,
0x000001b4ec5bc050
}

Java Threads: ( => current thread )
  0x000001b4d048b940 JavaThread "main" [_thread_in_vm, id=31716, stack(0x0000005a75e00000,0x0000005a75f00000)]
  0x000001b4e6240030 JavaThread "Reference Handler" daemon [_thread_blocked, id=15944, stack(0x0000005a76100000,0x0000005a76200000)]
  0x000001b4e62427c0 JavaThread "Finalizer" daemon [_thread_blocked, id=22460, stack(0x0000005a76200000,0x0000005a76300000)]
  0x000001b4e624c240 JavaThread "Signal Dispatcher" daemon [_thread_blocked, id=5524, stack(0x0000005a76300000,0x0000005a76400000)]
  0x000001b4e624cd00 JavaThread "Attach Listener" daemon [_thread_blocked, id=23832, stack(0x0000005a76400000,0x0000005a76500000)]
  0x000001b4e624e260 JavaThread "Service Thread" daemon [_thread_blocked, id=31664, stack(0x0000005a76500000,0x0000005a76600000)]
  0x000001b4eb39bfe0 JavaThread "Monitor Deflation Thread" daemon [_thread_blocked, id=16608, stack(0x0000005a76600000,0x0000005a76700000)]
=>0x000001b4eb3aa490 JavaThread "C2 CompilerThread0" daemon [_thread_in_native, id=21140, stack(0x0000005a76700000,0x0000005a76800000)]
  0x000001b4d0537f90 JavaThread "C1 CompilerThread0" daemon [_thread_blocked, id=19796, stack(0x0000005a76800000,0x0000005a76900000)]
  0x000001b4d0539860 JavaThread "Sweeper thread" daemon [_thread_blocked, id=19568, stack(0x0000005a76900000,0x0000005a76a00000)]
  0x000001b4eb4535c0 JavaThread "Common-Cleaner" daemon [_thread_blocked, id=23084, stack(0x0000005a76a00000,0x0000005a76b00000)]
  0x000001b4eb5522f0 JavaThread "Notification Thread" daemon [_thread_blocked, id=20476, stack(0x0000005a76b00000,0x0000005a76c00000)]
  0x000001b4ec5bc050 JavaThread "C2 CompilerThread1" daemon [_thread_in_native, id=24960, stack(0x0000005a76d00000,0x0000005a76e00000)]

Other Threads:
  0x000001b4d0537b00 VMThread "VM Thread" [stack: 0x0000005a76000000,0x0000005a76100000] [id=19804]
  0x000001b4eb56cef0 WatcherThread [stack: 0x0000005a76c00000,0x0000005a76d00000] [id=16108]
  0x000001b4d049f740 GCTaskThread "GC Thread#0" [stack: 0x0000005a75f00000,0x0000005a76000000] [id=11220]

Threads with active compile tasks:
C2 CompilerThread0     1526  649   !   4       java.util.jar.Attributes::read (498 bytes)
C2 CompilerThread1     1527  725       4       java.util.HashMap::get (19 bytes)

VM state: not at safepoint (normal execution)

VM Mutex/Monitor currently owned by a thread: None

Heap address: 0x00000000c0000000, size: 1024 MB, Compressed Oops mode: 32-bit

CDS archive(s) not mapped
Compressed class space mapped at: 0x0000000100000000-0x0000000140000000, reserved size: 1073741824
Narrow klass base: 0x0000000000000000, Narrow klass shift: 3, Narrow klass range: 0x140000000

GC Precious Log:
 CPUs: 8 total, 8 available
 Memory: 6082M
 Large Page Support: Disabled
 NUMA Support: Disabled
 Compressed Oops: Enabled (32-bit)
 Alignments: Space 512K, Generation 512K, Heap 2M
 Heap Min Capacity: 100M
 Heap Initial Capacity: 100M
 Heap Max Capacity: 1G
 Pre-touch: Disabled
 Parallel Workers: 8

Heap:
 PSYoungGen      total 29696K, used 17597K [0x00000000eab00000, 0x00000000ecc00000, 0x0000000100000000)
  eden space 25600K, 68% used [0x00000000eab00000,0x00000000ebc2f648,0x00000000ec400000)
  from space 4096K, 0% used [0x00000000ec800000,0x00000000ec800000,0x00000000ecc00000)
  to   space 4096K, 0% used [0x00000000ec400000,0x00000000ec400000,0x00000000ec800000)
 ParOldGen       total 68608K, used 0K [0x00000000c0000000, 0x00000000c4300000, 0x00000000eab00000)
  object space 68608K, 0% used [0x00000000c0000000,0x00000000c0000000,0x00000000c4300000)
 Metaspace       used 9520K, committed 9664K, reserved 1114112K
  class space    used 948K, committed 1024K, reserved 1048576K

Card table byte_map: [0x000001b4e3ac0000,0x000001b4e3cd0000] _byte_map_base: 0x000001b4e34c0000

Marking Bits: (ParMarkBitMap*) 0x00007ffe244452c0
 Begin Bits: [0x000001b4e3e30000, 0x000001b4e4e30000)
 End Bits:   [0x000001b4e4e30000, 0x000001b4e5e30000)

Polling page: 0x000001b4d0540000

Metaspace:

Usage:
  Non-class:      8.37 MB used.
      Class:    948.74 KB used.
       Both:      9.30 MB used.

Virtual space:
  Non-class space:       64.00 MB reserved,       8.44 MB ( 13%) committed,  1 nodes.
      Class space:        1.00 GB reserved,       1.00 MB ( <1%) committed,  1 nodes.
             Both:        1.06 GB reserved,       9.44 MB ( <1%) committed. 

Chunk freelists:
   Non-Class:  6.77 MB
       Class:  15.01 MB
        Both:  21.77 MB

MaxMetaspaceSize: unlimited
CompressedClassSpaceSize: 1.00 GB
Initial GC threshold: 21.00 MB
Current GC threshold: 21.00 MB
CDS: off
MetaspaceReclaimPolicy: balanced
 - commit_granule_bytes: 65536.
 - commit_granule_words: 8192.
 - virtual_space_node_default_size: 8388608.
 - enlarge_chunks_in_place: 1.
 - new_chunks_are_fully_committed: 0.
 - uncommit_free_chunks: 1.
 - use_allocation_guard: 0.
 - handle_deallocations: 1.


Internal statistics:

num_allocs_failed_limit: 0.
num_arena_births: 16.
num_arena_deaths: 0.
num_vsnodes_births: 2.
num_vsnodes_deaths: 0.
num_space_committed: 151.
num_space_uncommitted: 0.
num_chunks_returned_to_freelist: 0.
num_chunks_taken_from_freelist: 62.
num_chunk_merges: 0.
num_chunk_splits: 36.
num_chunks_enlarged: 29.
num_inconsistent_stats: 0.

CodeHeap 'non-profiled nmethods': size=120000Kb used=277Kb max_used=277Kb free=119722Kb
 bounds [0x000001b4dc3a0000, 0x000001b4dc610000, 0x000001b4e38d0000]
CodeHeap 'profiled nmethods': size=120000Kb used=1191Kb max_used=1191Kb free=118808Kb
 bounds [0x000001b4d48d0000, 0x000001b4d4b40000, 0x000001b4dbe00000]
CodeHeap 'non-nmethods': size=5760Kb used=1134Kb max_used=1163Kb free=4626Kb
 bounds [0x000001b4dbe00000, 0x000001b4dc070000, 0x000001b4dc3a0000]
 total_blobs=1150 nmethods=725 adapters=340
 compilation: enabled
              stopped_count=0, restarted_count=0
 full_count=0

Compilation events (20 events):
Event: 1.451 Thread 0x000001b4d0537f90 nmethod 703 0x000001b4d49eca10 code [0x000001b4d49eccc0, 0x000001b4d49edc18]
Event: 1.451 Thread 0x000001b4d0537f90  704       3       sun.security.util.SignatureFileVerifier::matches (93 bytes)
Event: 1.453 Thread 0x000001b4d0537f90 nmethod 704 0x000001b4d49ee290 code [0x000001b4d49ee4c0, 0x000001b4d49eed78]
Event: 1.453 Thread 0x000001b4d0537f90  705       3       jdk.internal.reflect.ClassFileAssembler::emitShort (24 bytes)
Event: 1.454 Thread 0x000001b4d0537f90 nmethod 705 0x000001b4d49ef090 code [0x000001b4d49ef260, 0x000001b4d49ef558]
Event: 1.454 Thread 0x000001b4ec5bc050 nmethod 684 0x000001b4dc3e2110 code [0x000001b4dc3e22c0, 0x000001b4dc3e2668]
Event: 1.455 Thread 0x000001b4ec5bc050  685       4       java.lang.invoke.VarForm::getMemberName (31 bytes)
Event: 1.457 Thread 0x000001b4ec5bc050 nmethod 685 0x000001b4dc3e2910 code [0x000001b4dc3e2aa0, 0x000001b4dc3e2b88]
Event: 1.457 Thread 0x000001b4ec5bc050  661       4       jdk.internal.misc.Unsafe::convEndian (16 bytes)
Event: 1.458 Thread 0x000001b4ec5bc050 nmethod 661 0x000001b4dc3e2c90 code [0x000001b4dc3e2e00, 0x000001b4dc3e2e78]
Event: 1.459 Thread 0x000001b4ec5bc050  689       4       java.lang.Long::reverseBytes (46 bytes)
Event: 1.459 Thread 0x000001b4ec5bc050 nmethod 689 0x000001b4dc3e2f90 code [0x000001b4dc3e3100, 0x000001b4dc3e31b8]
Event: 1.460 Thread 0x000001b4ec5bc050  656       4       java.math.BigInteger::mulAdd (19 bytes)
Event: 1.460 Thread 0x000001b4d0537f90  706       3       lombok.eclipse.agent.EclipsePatcher$1::shouldTransform (79 bytes)
Event: 1.462 Thread 0x000001b4ec5bc050 nmethod 656 0x000001b4dc3e3290 code [0x000001b4dc3e3420, 0x000001b4dc3e3598]
Event: 1.462 Thread 0x000001b4d0537f90 nmethod 706 0x000001b4d49ef710 code [0x000001b4d49ef980, 0x000001b4d49f0368]
Event: 1.462 Thread 0x000001b4ec5bc050  657       4       java.math.BigInteger::implMulAddCheck (176 bytes)
Event: 1.464 Thread 0x000001b4ec5bc050 nmethod 657 0x000001b4dc3e3790 code [0x000001b4dc3e3920, 0x000001b4dc3e3a38]
Event: 1.470 Thread 0x000001b4d0537f90  707       3       java.util.zip.ZipFile$Source::getEntryNext (9 bytes)
Event: 1.470 Thread 0x000001b4d0537f90 nmethod 707 0x000001b4d49f0710 code [0x000001b4d49f08a0, 0x000001b4d49f09d8]

GC Heap History (0 events):
No events

Dll operation events (8 events):
Event: 0.023 Loaded shared library c:\Users\parth\.vscode\extensions\redhat.java-1.19.0-win32-x64\jre\17.0.7-win32-x86_64\bin\java.dll
Event: 0.393 Loaded shared library c:\Users\parth\.vscode\extensions\redhat.java-1.19.0-win32-x64\jre\17.0.7-win32-x86_64\bin\zip.dll
Event: 0.400 Loaded shared library C:\Users\parth\.vscode\extensions\redhat.java-1.19.0-win32-x64\jre\17.0.7-win32-x86_64\bin\instrument.dll
Event: 0.437 Loaded shared library C:\Users\parth\.vscode\extensions\redhat.java-1.19.0-win32-x64\jre\17.0.7-win32-x86_64\bin\net.dll
Event: 0.442 Loaded shared library C:\Users\parth\.vscode\extensions\redhat.java-1.19.0-win32-x64\jre\17.0.7-win32-x86_64\bin\nio.dll
Event: 0.459 Loaded shared library C:\Users\parth\.vscode\extensions\redhat.java-1.19.0-win32-x64\jre\17.0.7-win32-x86_64\bin\zip.dll
Event: 0.490 Loaded shared library C:\Users\parth\.vscode\extensions\redhat.java-1.19.0-win32-x64\jre\17.0.7-win32-x86_64\bin\jimage.dll
Event: 0.606 Loaded shared library c:\Users\parth\.vscode\extensions\redhat.java-1.19.0-win32-x64\jre\17.0.7-win32-x86_64\bin\verify.dll

Deoptimization events (20 events):
Event: 1.061 Thread 0x000001b4d048b940 Uncommon trap: trap_request=0xffffffde fr.pc=0x000001b4dc3c18a4 relative=0x0000000000000104
Event: 1.061 Thread 0x000001b4d048b940 Uncommon trap: reason=class_check action=maybe_recompile pc=0x000001b4dc3c18a4 method=jdk.internal.misc.Unsafe.allocateUninitializedArray(Ljava/lang/Class;I)Ljava/lang/Object; @ 51 c2
Event: 1.061 Thread 0x000001b4d048b940 DEOPT PACKING pc=0x000001b4dc3c18a4 sp=0x0000005a75efd8c0
Event: 1.061 Thread 0x000001b4d048b940 DEOPT UNPACKING pc=0x000001b4dbe566a3 sp=0x0000005a75efd860 mode 2
Event: 1.077 Thread 0x000001b4d048b940 Uncommon trap: trap_request=0xffffffde fr.pc=0x000001b4dc3c18a4 relative=0x0000000000000104
Event: 1.077 Thread 0x000001b4d048b940 Uncommon trap: reason=class_check action=maybe_recompile pc=0x000001b4dc3c18a4 method=jdk.internal.misc.Unsafe.allocateUninitializedArray(Ljava/lang/Class;I)Ljava/lang/Object; @ 51 c2
Event: 1.077 Thread 0x000001b4d048b940 DEOPT PACKING pc=0x000001b4dc3c18a4 sp=0x0000005a75efda50
Event: 1.077 Thread 0x000001b4d048b940 DEOPT UNPACKING pc=0x000001b4dbe566a3 sp=0x0000005a75efd9f0 mode 2
Event: 1.078 Thread 0x000001b4d048b940 Uncommon trap: trap_request=0xffffffde fr.pc=0x000001b4dc3c18a4 relative=0x0000000000000104
Event: 1.078 Thread 0x000001b4d048b940 Uncommon trap: reason=class_check action=maybe_recompile pc=0x000001b4dc3c18a4 method=jdk.internal.misc.Unsafe.allocateUninitializedArray(Ljava/lang/Class;I)Ljava/lang/Object; @ 51 c2
Event: 1.078 Thread 0x000001b4d048b940 DEOPT PACKING pc=0x000001b4dc3c18a4 sp=0x0000005a75efda50
Event: 1.078 Thread 0x000001b4d048b940 DEOPT UNPACKING pc=0x000001b4dbe566a3 sp=0x0000005a75efd9f0 mode 2
Event: 1.231 Thread 0x000001b4d048b940 DEOPT PACKING pc=0x000001b4d49b5cbc sp=0x0000005a75efe7b0
Event: 1.231 Thread 0x000001b4d048b940 DEOPT UNPACKING pc=0x000001b4dbe56e43 sp=0x0000005a75efdc38 mode 0
Event: 1.256 Thread 0x000001b4d048b940 DEOPT PACKING pc=0x000001b4d49c7800 sp=0x0000005a75efea30
Event: 1.256 Thread 0x000001b4d048b940 DEOPT UNPACKING pc=0x000001b4dbe56e43 sp=0x0000005a75efdea0 mode 0
Event: 1.258 Thread 0x000001b4d048b940 DEOPT PACKING pc=0x000001b4d49c7800 sp=0x0000005a75efea30
Event: 1.260 Thread 0x000001b4d048b940 DEOPT UNPACKING pc=0x000001b4dbe56e43 sp=0x0000005a75efdea0 mode 0
Event: 1.378 Thread 0x000001b4d048b940 DEOPT PACKING pc=0x000001b4d498cd32 sp=0x0000005a75efe350
Event: 1.378 Thread 0x000001b4d048b940 DEOPT UNPACKING pc=0x000001b4dbe56e43 sp=0x0000005a75efd7a8 mode 0

Classes unloaded (0 events):
No events

Classes redefined (0 events):
No events

Internal exceptions (8 events):
Event: 0.346 Thread 0x000001b4d048b940 Exception <a 'java/lang/NoSuchMethodError'{0x00000000eacb24e8}: 'void java.lang.invoke.DirectMethodHandle$Holder.invokeStatic(java.lang.Object, java.lang.Object, java.lang.Object)'> (0x00000000eacb24e8) 
thrown [s\src\hotspot\share\interpreter\linkResolver.cpp, line 759]
Event: 0.665 Thread 0x000001b4d048b940 Exception <a 'java/lang/reflect/InvocationTargetException'{0x00000000eaf79050}> (0x00000000eaf79050) 
thrown [s\src\hotspot\share\runtime\reflection.cpp, line 1121]
Event: 1.135 Thread 0x000001b4d048b940 Exception <a 'java/lang/ClassNotFoundException'{0x00000000eb78c3b8}: sun/net/www/protocol/c/Handler> (0x00000000eb78c3b8) 
thrown [s\src\hotspot\share\classfile\systemDictionary.cpp, line 256]
Event: 1.142 Thread 0x000001b4d048b940 Exception <a 'java/io/FileNotFoundException'{0x00000000eb79fca0}> (0x00000000eb79fca0) 
thrown [s\src\hotspot\share\prims\jni.cpp, line 516]
Event: 1.143 Thread 0x000001b4d048b940 Exception <a 'java/io/FileNotFoundException'{0x00000000eb7a09b0}> (0x00000000eb7a09b0) 
thrown [s\src\hotspot\share\prims\jni.cpp, line 516]
Event: 1.143 Thread 0x000001b4d048b940 Exception <a 'java/io/FileNotFoundException'{0x00000000eb7a16a0}> (0x00000000eb7a16a0) 
thrown [s\src\hotspot\share\prims\jni.cpp, line 516]
Event: 1.144 Thread 0x000001b4d048b940 Exception <a 'java/io/FileNotFoundException'{0x00000000eb7a2360}> (0x00000000eb7a2360) 
thrown [s\src\hotspot\share\prims\jni.cpp, line 516]
Event: 1.159 Thread 0x000001b4d048b940 Exception <a 'java/io/FileNotFoundException'{0x00000000eb7dcda0}> (0x00000000eb7dcda0) 
thrown [s\src\hotspot\share\prims\jni.cpp, line 516]

VM Operations (8 events):
Event: 0.354 Executing VM operation: HandshakeAllThreads
Event: 0.354 Executing VM operation: HandshakeAllThreads done
Event: 0.521 Executing VM operation: HandshakeAllThreads
Event: 0.521 Executing VM operation: HandshakeAllThreads done
Event: 1.094 Executing VM operation: HandshakeAllThreads
Event: 1.094 Executing VM operation: HandshakeAllThreads done
Event: 1.123 Executing VM operation: HandshakeAllThreads
Event: 1.123 Executing VM operation: HandshakeAllThreads done

Events (20 events):
Event: 1.438 loading class jdk/internal/reflect/ClassDefiner
Event: 1.438 loading class jdk/internal/reflect/ClassDefiner done
Event: 1.438 loading class jdk/internal/reflect/ClassDefiner$1
Event: 1.438 loading class jdk/internal/reflect/ClassDefiner$1 done
Event: 1.439 loading class jdk/internal/reflect/BootstrapConstructorAccessorImpl
Event: 1.439 loading class jdk/internal/reflect/BootstrapConstructorAccessorImpl done
Event: 1.460 loading class java/io/FilePermission
Event: 1.461 loading class java/io/FilePermission done
Event: 1.462 loading class java/io/FilePermission$1
Event: 1.462 loading class jdk/internal/access/JavaIOFilePermissionAccess
Event: 1.462 loading class jdk/internal/access/JavaIOFilePermissionAccess done
Event: 1.462 loading class java/io/FilePermission$1 done
Event: 1.463 loading class sun/security/util/FilePermCompat
Event: 1.463 loading class sun/security/util/FilePermCompat done
Event: 1.463 loading class sun/security/util/SecurityProperties
Event: 1.463 loading class sun/security/util/SecurityProperties done
Event: 1.464 loading class java/io/FilePermissionCollection
Event: 1.465 loading class java/io/FilePermissionCollection done
Event: 1.465 loading class java/io/FilePermissionCollection$1
Event: 1.465 loading class java/io/FilePermissionCollection$1 done


Dynamic libraries:
0x00007ff6638f0000 - 0x00007ff6638fe000 	c:\Users\parth\.vscode\extensions\redhat.java-1.19.0-win32-x64\jre\17.0.7-win32-x86_64\bin\java.exe
0x00007ffe78450000 - 0x00007ffe78664000 	C:\WINDOWS\SYSTEM32\ntdll.dll
0x00007ffe775f0000 - 0x00007ffe776b2000 	C:\WINDOWS\System32\KERNEL32.DLL
0x00007ffe75d80000 - 0x00007ffe76123000 	C:\WINDOWS\System32\KERNELBASE.dll
0x00007ffe70400000 - 0x00007ffe70497000 	C:\WINDOWS\SYSTEM32\apphelp.dll
0x00007ffe758e0000 - 0x00007ffe759f1000 	C:\WINDOWS\System32\ucrtbase.dll
0x00007ffe6daf0000 - 0x00007ffe6db09000 	c:\Users\parth\.vscode\extensions\redhat.java-1.19.0-win32-x64\jre\17.0.7-win32-x86_64\bin\VCRUNTIME140.dll
0x00007ffe6db10000 - 0x00007ffe6db27000 	c:\Users\parth\.vscode\extensions\redhat.java-1.19.0-win32-x64\jre\17.0.7-win32-x86_64\bin\jli.dll
0x00007ffe77890000 - 0x00007ffe77a3b000 	C:\WINDOWS\System32\USER32.dll
0x00007ffe75a00000 - 0x00007ffe75a26000 	C:\WINDOWS\System32\win32u.dll
0x00007ffe6ced0000 - 0x00007ffe6d15e000 	C:\WINDOWS\WinSxS\amd64_microsoft.windows.common-controls_6595b64144ccf1df_6.0.22621.1635_none_270f70857386168e\COMCTL32.dll
0x00007ffe766e0000 - 0x00007ffe76709000 	C:\WINDOWS\System32\GDI32.dll
0x00007ffe77090000 - 0x00007ffe77137000 	C:\WINDOWS\System32\msvcrt.dll
0x00007ffe75a30000 - 0x00007ffe75b48000 	C:\WINDOWS\System32\gdi32full.dll
0x00007ffe76130000 - 0x00007ffe761ca000 	C:\WINDOWS\System32\msvcp_win.dll
0x00007ffe77570000 - 0x00007ffe775a1000 	C:\WINDOWS\System32\IMM32.DLL
0x00007ffe71340000 - 0x00007ffe7134c000 	c:\Users\parth\.vscode\extensions\redhat.java-1.19.0-win32-x64\jre\17.0.7-win32-x86_64\bin\vcruntime140_1.dll
0x00007ffe5c600000 - 0x00007ffe5c691000 	c:\Users\parth\.vscode\extensions\redhat.java-1.19.0-win32-x64\jre\17.0.7-win32-x86_64\bin\msvcp140.dll
0x00007ffe238c0000 - 0x00007ffe24508000 	c:\Users\parth\.vscode\extensions\redhat.java-1.19.0-win32-x64\jre\17.0.7-win32-x86_64\bin\server\jvm.dll
0x00007ffe774c0000 - 0x00007ffe7756e000 	C:\WINDOWS\System32\ADVAPI32.dll
0x00007ffe776c0000 - 0x00007ffe77764000 	C:\WINDOWS\System32\sechost.dll
0x00007ffe78280000 - 0x00007ffe78397000 	C:\WINDOWS\System32\RPCRT4.dll
0x00007ffe70d50000 - 0x00007ffe70d59000 	C:\WINDOWS\SYSTEM32\WSOCK32.dll
0x00007ffe70c40000 - 0x00007ffe70c74000 	C:\WINDOWS\SYSTEM32\WINMM.dll
0x00007ffe77cb0000 - 0x00007ffe77d21000 	C:\WINDOWS\System32\WS2_32.dll
0x00007ffe6d6b0000 - 0x00007ffe6d6ba000 	C:\WINDOWS\SYSTEM32\VERSION.dll
0x00007ffe748c0000 - 0x00007ffe748d8000 	C:\WINDOWS\SYSTEM32\kernel.appcore.dll
0x00007ffe70d30000 - 0x00007ffe70d3a000 	c:\Users\parth\.vscode\extensions\redhat.java-1.19.0-win32-x64\jre\17.0.7-win32-x86_64\bin\jimage.dll
0x00007ffe6f810000 - 0x00007ffe6fa3e000 	C:\WINDOWS\SYSTEM32\DBGHELP.DLL
0x00007ffe77d30000 - 0x00007ffe780b9000 	C:\WINDOWS\System32\combase.dll
0x00007ffe773e0000 - 0x00007ffe774b7000 	C:\WINDOWS\System32\OLEAUT32.dll
0x00007ffe6d7d0000 - 0x00007ffe6d802000 	C:\WINDOWS\SYSTEM32\dbgcore.DLL
0x00007ffe761d0000 - 0x00007ffe7624b000 	C:\WINDOWS\System32\bcryptPrimitives.dll
0x00007ffe6dad0000 - 0x00007ffe6dade000 	c:\Users\parth\.vscode\extensions\redhat.java-1.19.0-win32-x64\jre\17.0.7-win32-x86_64\bin\instrument.dll
0x00007ffe5de50000 - 0x00007ffe5de75000 	c:\Users\parth\.vscode\extensions\redhat.java-1.19.0-win32-x64\jre\17.0.7-win32-x86_64\bin\java.dll
0x00007ffe6c6c0000 - 0x00007ffe6c6d8000 	c:\Users\parth\.vscode\extensions\redhat.java-1.19.0-win32-x64\jre\17.0.7-win32-x86_64\bin\zip.dll
0x00007ffe76810000 - 0x00007ffe7700a000 	C:\WINDOWS\System32\SHELL32.dll
0x00007ffe73870000 - 0x00007ffe7413e000 	C:\WINDOWS\SYSTEM32\windows.storage.dll
0x00007ffe73730000 - 0x00007ffe7386e000 	C:\WINDOWS\SYSTEM32\wintypes.dll
0x00007ffe76710000 - 0x00007ffe76801000 	C:\WINDOWS\System32\SHCORE.dll
0x00007ffe77a40000 - 0x00007ffe77a9e000 	C:\WINDOWS\System32\shlwapi.dll
0x00007ffe757a0000 - 0x00007ffe757c1000 	C:\WINDOWS\SYSTEM32\profapi.dll
0x00007ffe5de30000 - 0x00007ffe5de49000 	C:\Users\parth\.vscode\extensions\redhat.java-1.19.0-win32-x64\jre\17.0.7-win32-x86_64\bin\net.dll
0x00007ffe70830000 - 0x00007ffe70967000 	C:\WINDOWS\SYSTEM32\WINHTTP.dll
0x00007ffe74d30000 - 0x00007ffe74d99000 	C:\WINDOWS\system32\mswsock.dll
0x00007ffe5dd40000 - 0x00007ffe5dd55000 	C:\Users\parth\.vscode\extensions\redhat.java-1.19.0-win32-x64\jre\17.0.7-win32-x86_64\bin\nio.dll
0x00007ffe6c650000 - 0x00007ffe6c660000 	c:\Users\parth\.vscode\extensions\redhat.java-1.19.0-win32-x64\jre\17.0.7-win32-x86_64\bin\verify.dll

dbghelp: loaded successfully - version: 4.0.5 - missing functions: none
symbol engine: initialized successfully - sym options: 0x614 - pdb path: .;c:\Users\parth\.vscode\extensions\redhat.java-1.19.0-win32-x64\jre\17.0.7-win32-x86_64\bin;C:\WINDOWS\SYSTEM32;C:\WINDOWS\WinSxS\amd64_microsoft.windows.common-controls_6595b64144ccf1df_6.0.22621.1635_none_270f70857386168e;c:\Users\parth\.vscode\extensions\redhat.java-1.19.0-win32-x64\jre\17.0.7-win32-x86_64\bin\server

VM Arguments:
jvm_args: --add-modules=ALL-SYSTEM --add-opens=java.base/java.util=ALL-UNNAMED --add-opens=java.base/java.lang=ALL-UNNAMED --add-opens=java.base/sun.nio.fs=ALL-UNNAMED -Declipse.application=org.eclipse.jdt.ls.core.id1 -Dosgi.bundles.defaultStartLevel=4 -Declipse.product=org.eclipse.jdt.ls.core.product -Djava.import.generatesMetadataFilesAtProjectRoot=false -Dfile.encoding=utf8 -XX:+UseParallelGC -XX:GCTimeRatio=4 -XX:AdaptiveSizePolicyWeight=90 -Dsun.zip.disableMemoryMapping=true -Xmx1G -Xms100m -Xlog:disable -javaagent:c:\Users\parth\.vscode\extensions\redhat.java-1.19.0-win32-x64\lombok\lombok-1.18.28.jar 
java_command: c:\Users\parth\.vscode\extensions\redhat.java-1.19.0-win32-x64\server\plugins\org.eclipse.equinox.launcher_1.6.400.v20210924-0641.jar -configuration c:\Users\parth\AppData\Roaming\Code\User\globalStorage\redhat.java\1.19.0\config_ss_win -data c:\Users\parth\AppData\Roaming\Code\User\workspaceStorage\dd1655780c2a49b839ee8e45596202e1\redhat.java\ss_ws
java_class_path (initial): c:\Users\parth\.vscode\extensions\redhat.java-1.19.0-win32-x64\server\plugins\org.eclipse.equinox.launcher_1.6.400.v20210924-0641.jar
Launcher Type: SUN_STANDARD

[Global flags]
    uintx AdaptiveSizePolicyWeight                 = 90                                        {product} {command line}
     intx CICompilerCount                          = 4                                         {product} {ergonomic}
    uintx GCTimeRatio                              = 4                                         {product} {command line}
   size_t InitialHeapSize                          = 104857600                                 {product} {command line}
   size_t MaxHeapSize                              = 1073741824                                {product} {command line}
   size_t MaxNewSize                               = 357564416                                 {product} {ergonomic}
   size_t MinHeapDeltaBytes                        = 524288                                    {product} {ergonomic}
   size_t MinHeapSize                              = 104857600                                 {product} {command line}
   size_t NewSize                                  = 34603008                                  {product} {ergonomic}
    uintx NonNMethodCodeHeapSize                   = 5839372                                {pd product} {ergonomic}
    uintx NonProfiledCodeHeapSize                  = 122909434                              {pd product} {ergonomic}
   size_t OldSize                                  = 70254592                                  {product} {ergonomic}
    uintx ProfiledCodeHeapSize                     = 122909434                              {pd product} {ergonomic}
    uintx ReservedCodeCacheSize                    = 251658240                              {pd product} {ergonomic}
     bool SegmentedCodeCache                       = true                                      {product} {ergonomic}
   size_t SoftMaxHeapSize                          = 1073741824                             {manageable} {ergonomic}
     bool UseCompressedClassPointers               = true                           {product lp64_product} {ergonomic}
     bool UseCompressedOops                        = true                           {product lp64_product} {ergonomic}
     bool UseLargePagesIndividualAllocation        = false                                  {pd product} {ergonomic}
     bool UseParallelGC                            = true                                      {product} {command line}

Logging:
Log output configuration:
 #0: stdout all=off uptime,level,tags
 #1: stderr all=off uptime,level,tags

Environment Variables:
JAVA_HOME=C:\Program Files\Java\jdk-20
PATH=C:\Program Files (x86)\Common Files\Oracle\Java\javapath;C:\Program Files\Java\Maven\bin;C:\Oracle_Database_19c\WINDOWS.X64_193000_db_home\bin;C:\Oracle_Database\WINDOWS.X64_213000_db_home\bin;C:\Users\parth\Dropbox\PC\Downloads\WINDOWS.X64_213000_db_home\bin;C:\WINDOWS\system32;C:\WINDOWS;C:\WINDOWS\System32\Wbem;C:\WINDOWS\System32\WindowsPowerShell\v1.0\;C:\WINDOWS\System32\OpenSSH\;C:\Program Files\nodejs\;C:\Program Files\dotnet\;C:\Program Files\Apache\Maven\bin;C:\Program Files\Java\jdk-20\bin;%M2_HOME%\bin;C:\Program Files\MySQL\MySQL Shell 8.0\bin\;C:\Users\parth\AppData\Local\Microsoft\WindowsApps;C:\Microsoft VS Code\bin;C:\Users\parth\AppData\Roaming\npm;C:\Users\parth\.dotnet\tools;C:\Program Files\Java\Maven\bin;C:\Program Files\Java\jdk-20\bin;
USERNAME=Yatharth
OS=Windows_NT
PROCESSOR_IDENTIFIER=AMD64 Family 23 Model 24 Stepping 1, AuthenticAMD
TMP=C:\Users\parth\AppData\Local\Temp
TEMP=C:\Users\parth\AppData\Local\Temp



---------------  S Y S T E M  ---------------

OS:
 Windows 11 , 64 bit Build 22621 (10.0.22621.1635)
OS uptime: 23 days 5:28 hours

CPU: total 8 (initial active 8) (8 cores per cpu, 2 threads per core) family 23 model 24 stepping 1 microcode 0x0, cx8, cmov, fxsr, ht, mmx, 3dnowpref, sse, sse2, sse3, ssse3, sse4a, sse4.1, sse4.2, popcnt, lzcnt, tsc, tscinvbit, avx, avx2, aes, clmul, bmi1, bmi2, adx, sha, fma, vzeroupper, clflush, clflushopt

Memory: 4k page, system-wide physical 6082M (383M free)
TotalPageFile size 24514M (AvailPageFile size 1M)
current process WorkingSet (physical memory assigned to process): 64M, peak: 64M
current process commit charge ("private bytes"): 198M, peak: 198M

vm_info: OpenJDK 64-Bit Server VM (17.0.7+7) for windows-amd64 JRE (17.0.7+7), built on Apr 18 2023 22:10:42 by "temurin" with MS VC++ 16.7 (VS2019)

END.
